<?xml version="1.0" encoding="UTF-8"?>
<testsuite name="com.gildedrose.GildedRoseTest" tests="1" skipped="0" failures="0" errors="0" timestamp="2023-09-22T16:34:58" hostname="vigimbert-HP-Laptop-14s-dq1xxx" time="0.039">
  <properties/>
  <testcase name="Test Aged Brie" classname="com.gildedrose.GildedRoseTest" time="0.039"/>
  <system-out><![CDATA[]]></system-out>
  <system-err><![CDATA[]]></system-err>
</testsuite>
