<?xml version="1.0" encoding="UTF-8"?>
<testsuite name="com.gildedrose.GildedRoseTest" tests="4" skipped="0" failures="0" errors="0" timestamp="2023-09-22T19:39:48" hostname="ANNIHYLS" time="0.043">
  <properties/>
  <testcase name="Test Aged Brie" classname="com.gildedrose.GildedRoseTest" time="0.037"/>
  <testcase name="Test randomAlcool" classname="com.gildedrose.GildedRoseTest" time="0.002"/>
  <testcase name="Test Backstage passes to a TAFKAL80ETC concert" classname="com.gildedrose.GildedRoseTest" time="0.001"/>
  <testcase name="Test Sulfura, Hand of Ragnaros" classname="com.gildedrose.GildedRoseTest" time="0.0"/>
  <system-out><![CDATA[]]></system-out>
  <system-err><![CDATA[]]></system-err>
</testsuite>
