<?xml version="1.0" encoding="UTF-8"?>
<testsuite name="com.gildedrose.GildedRoseTest" tests="5" skipped="0" failures="0" errors="0" timestamp="2023-10-02T07:34:34" hostname="ANNIHYLS" time="0.071">
  <properties/>
  <testcase name="Test Aged Brie" classname="com.gildedrose.GildedRoseTest" time="0.042"/>
  <testcase name="Test that the name is unchanged" classname="com.gildedrose.GildedRoseTest" time="0.005"/>
  <testcase name="Test randomAlcool" classname="com.gildedrose.GildedRoseTest" time="0.003"/>
  <testcase name="Test Backstage passes to a TAFKAL80ETC concert" classname="com.gildedrose.GildedRoseTest" time="0.002"/>
  <testcase name="Test Sulfura, Hand of Ragnaros" classname="com.gildedrose.GildedRoseTest" time="0.004"/>
  <system-out><![CDATA[]]></system-out>
  <system-err><![CDATA[]]></system-err>
</testsuite>
